[2024-05-23 19:51:30] [ INFO ] [BD:29] tabla creada con exito
[2024-05-23 19:51:30] [ INFO ] [PacienteDAOH2:48] iniciando la operacion de buscado de un paciente con id : 2
[2024-05-23 19:51:30] [ INFO ] [DomicilioDAOH2:44] iniciando la busqueda de un domicilio con id: 2
[2024-05-23 18:27:21] [ INFO ] [BD:29] tabla creada con exito
[2024-05-23 18:29:32] [ INFO ] [PacienteDAOH2:110] iniciando la busqueda por email: german@german.com
[2024-05-23 18:29:32] [ INFO ] [DomicilioDAOH2:44] iniciando la busqueda de un domicilio con id: 2
[2024-05-23 18:42:48] [ INFO ] [BD:29] tabla creada con exito
[2024-05-23 18:43:20] [ INFO ] [PacienteDAOH2:85] iniciando las operaciones de busqueda:
[2024-05-23 18:43:20] [ INFO ] [DomicilioDAOH2:44] iniciando la busqueda de un domicilio con id: 1
[2024-05-23 18:43:20] [ INFO ] [DomicilioDAOH2:44] iniciando la busqueda de un domicilio con id: 2
[2024-05-23 18:43:58] [ INFO ] [PacienteDAOH2:85] iniciando las operaciones de busqueda:
[2024-05-23 18:43:58] [ INFO ] [DomicilioDAOH2:44] iniciando la busqueda de un domicilio con id: 1
[2024-05-23 18:43:58] [ INFO ] [DomicilioDAOH2:44] iniciando la busqueda de un domicilio con id: 2
[2024-05-23 18:44:02] [ INFO ] [PacienteDAOH2:85] iniciando las operaciones de busqueda:
[2024-05-23 18:44:02] [ INFO ] [DomicilioDAOH2:44] iniciando la busqueda de un domicilio con id: 1
[2024-05-23 18:44:02] [ INFO ] [DomicilioDAOH2:44] iniciando la busqueda de un domicilio con id: 2
[2024-05-23 18:44:11] [ INFO ] [BD:29] tabla creada con exito
[2024-05-23 18:44:19] [ INFO ] [PacienteDAOH2:85] iniciando las operaciones de busqueda:
[2024-05-23 18:44:19] [ INFO ] [DomicilioDAOH2:44] iniciando la busqueda de un domicilio con id: 1
[2024-05-23 18:44:19] [ INFO ] [DomicilioDAOH2:44] iniciando la busqueda de un domicilio con id: 2
[2024-05-23 18:52:25] [ INFO ] [BD:29] tabla creada con exito
[2024-05-23 18:52:45] [ INFO ] [PacienteDAOH2:85] iniciando las operaciones de busqueda:
[2024-05-23 18:52:45] [ INFO ] [DomicilioDAOH2:44] iniciando la busqueda de un domicilio con id: 1
[2024-05-23 18:52:45] [ INFO ] [DomicilioDAOH2:44] iniciando la busqueda de un domicilio con id: 2
[2024-05-23 18:54:11] [ INFO ] [BD:29] tabla creada con exito
[2024-05-23 18:54:21] [ INFO ] [PacienteDAOH2:85] iniciando las operaciones de busqueda:
[2024-05-23 18:54:21] [ INFO ] [DomicilioDAOH2:44] iniciando la busqueda de un domicilio con id: 1
[2024-05-23 18:54:21] [ INFO ] [DomicilioDAOH2:44] iniciando la busqueda de un domicilio con id: 2
[2024-05-23 18:55:03] [ INFO ] [BD:29] tabla creada con exito
[2024-05-23 18:55:10] [ INFO ] [PacienteDAOH2:85] iniciando las operaciones de busqueda:
[2024-05-23 18:55:11] [ INFO ] [DomicilioDAOH2:44] iniciando la busqueda de un domicilio con id: 1
[2024-05-23 18:55:11] [ INFO ] [DomicilioDAOH2:44] iniciando la busqueda de un domicilio con id: 2
[2024-05-23 20:05:55] [ INFO ] [BD:35] tabla creada con exito
[2024-05-23 20:06:17] [ INFO ] [PacienteDAOH2:110] iniciando la busqueda por email: german@german.com
[2024-05-23 20:06:17] [ INFO ] [DomicilioDAOH2:44] iniciando la busqueda de un domicilio con id: 2
[2024-05-23 20:06:17] [ INFO ] [OdontologoDAOH2:50] Iniciando la operación de busqueda odontologo
[2024-05-23 20:22:39] [ INFO ] [BD:35] tabla creada con exito
[2024-05-23 20:23:47] [ INFO ] [OdontologoDAOH2:93] Iniciando la operación de busqueda
[2024-05-23 20:25:04] [ INFO ] [BD:35] tabla creada con exito
[2024-05-23 20:25:12] [ INFO ] [OdontologoDAOH2:93] Iniciando la operación de busqueda
[2024-05-23 20:25:43] [ INFO ] [PacienteDAOH2:86] iniciando las operaciones de busqueda:
[2024-05-23 20:25:43] [ ERROR] [PacienteDAOH2:103] Table "PACIENTES" not found (this database is empty); SQL statement:
SELECT * FROM PACIENTES [42104-214]
[2024-05-23 20:25:44] [ INFO ] [PacienteDAOH2:86] iniciando las operaciones de busqueda:
[2024-05-23 20:25:44] [ ERROR] [PacienteDAOH2:103] Table "PACIENTES" not found (this database is empty); SQL statement:
SELECT * FROM PACIENTES [42104-214]
[2024-05-23 20:28:35] [ INFO ] [PacienteDAOH2:86] iniciando las operaciones de busqueda:
[2024-05-23 20:28:35] [ ERROR] [PacienteDAOH2:103] Table "PACIENTES" not found (this database is empty); SQL statement:
SELECT * FROM PACIENTES [42104-214]
[2024-05-23 20:30:34] [ INFO ] [PacienteDAOH2:110] iniciando la busqueda por email: german@german.com
[2024-05-23 20:30:34] [ ERROR] [PacienteDAOH2:130] Table "PACIENTES" not found (this database is empty); SQL statement:
SELECT * FROM PACIENTES WHERE EMAIL=? [42104-214]
[2024-05-23 20:32:38] [ INFO ] [BD:35] tabla creada con exito
[2024-05-23 20:32:52] [ INFO ] [PacienteDAOH2:110] iniciando la busqueda por email: german@german.com
[2024-05-23 20:32:52] [ INFO ] [DomicilioDAOH2:44] iniciando la busqueda de un domicilio con id: 2
[2024-05-23 20:32:52] [ INFO ] [OdontologoDAOH2:50] Iniciando la operación de busqueda odontologo
[2024-05-23 20:33:01] [ INFO ] [PacienteDAOH2:86] iniciando las operaciones de busqueda:
[2024-05-23 20:33:01] [ INFO ] [DomicilioDAOH2:44] iniciando la busqueda de un domicilio con id: 1
[2024-05-23 20:33:01] [ INFO ] [DomicilioDAOH2:44] iniciando la busqueda de un domicilio con id: 2
[2024-05-23 20:33:07] [ INFO ] [OdontologoDAOH2:93] Iniciando la operación de busqueda
[2024-05-23 20:33:14] [ INFO ] [PacienteDAOH2:86] iniciando las operaciones de busqueda:
[2024-05-23 20:33:14] [ INFO ] [DomicilioDAOH2:44] iniciando la busqueda de un domicilio con id: 1
[2024-05-23 20:33:14] [ INFO ] [DomicilioDAOH2:44] iniciando la busqueda de un domicilio con id: 2
[2024-05-23 20:33:18] [ INFO ] [PacienteDAOH2:110] iniciando la busqueda por email: german@german.com
[2024-05-23 20:33:18] [ INFO ] [DomicilioDAOH2:44] iniciando la busqueda de un domicilio con id: 2
[2024-05-23 20:33:18] [ INFO ] [OdontologoDAOH2:50] Iniciando la operación de busqueda odontologo
[2024-05-23 20:41:32] [ INFO ] [BD:35] tabla creada con exito
[2024-05-23 20:41:32] [ INFO ] [PacienteDAOH2:49] iniciando la operacion de buscado de un paciente con id : 2
[2024-05-23 20:41:32] [ INFO ] [DomicilioDAOH2:44] iniciando la busqueda de un domicilio con id: 2
[2024-05-23 20:46:23] [ INFO ] [BD:35] tabla creada con exito
[2024-05-23 20:46:23] [ INFO ] [PacienteDAOH2:49] iniciando la operacion de buscado de un paciente con id : 2
[2024-05-23 20:46:23] [ INFO ] [DomicilioDAOH2:44] iniciando la busqueda de un domicilio con id: 2
[2024-05-23 20:46:23] [ INFO ] [BD:35] tabla creada con exito
[2024-05-23 20:46:23] [ INFO ] [PacienteDAOH2:110] iniciando la busqueda por email: german@german.com
[2024-05-23 20:46:23] [ INFO ] [DomicilioDAOH2:44] iniciando la busqueda de un domicilio con id: 2
[2024-05-23 20:46:23] [ INFO ] [OdontologoDAOH2:50] Iniciando la operación de busqueda odontologo
[2024-05-28 21:54:50] [ WARN ] [BD:38] org.h2.Driver
[2024-05-28 21:55:19] [ WARN ] [BD:38] org.h2.Driver
[2024-05-28 21:59:14] [ WARN ] [BD:38] org.h2.Driver
[2024-05-28 22:00:36] [ WARN ] [BD:38] org.h2.Driver
